<?xml version="1.0" encoding="UTF-8"?>
<testng-results ignored="0" total="2" passed="2" failed="0" skipped="0">
  <reporter-output>
  </reporter-output>
  <suite started-at="2021-09-16T12:10:28 IST" name="Default suite" finished-at="2021-09-16T12:11:01 IST" duration-ms="33498">
    <groups>
    </groups>
    <test started-at="2021-09-16T12:10:28 IST" name="Default test" finished-at="2021-09-16T12:11:01 IST" duration-ms="33498">
      <class name="my.Practice.VerifyLoginPage1">
        <test-method signature="verifyValidLogin()[pri:0, instance:my.Practice.VerifyLoginPage1@6babf3bf]" started-at="2021-09-16T12:10:28 IST" name="verifyValidLogin" finished-at="2021-09-16T12:10:45 IST" duration-ms="17251" status="PASS">
          <reporter-output>
          </reporter-output>
        </test-method> <!-- verifyValidLogin -->
        <test-method signature="verifyValidLogin1()[pri:0, instance:my.Practice.VerifyLoginPage1@6babf3bf]" started-at="2021-09-16T12:10:45 IST" name="verifyValidLogin1" finished-at="2021-09-16T12:11:01 IST" duration-ms="16166" status="PASS">
          <reporter-output>
          </reporter-output>
        </test-method> <!-- verifyValidLogin1 -->
      </class> <!-- my.Practice.VerifyLoginPage1 -->
    </test> <!-- Default test -->
  </suite> <!-- Default suite -->
</testng-results>
